{"E:\\Projects\\frontend-lib-usage\\jest\\clone.js": {"path":"E:\\Projects\\frontend-lib-usage\\jest\\clone.js","statementMap":{"0":{"start":{"line":2,"column":3},"end":{"line":2,"column":18}},"1":{"start":{"line":5,"column":0},"end":{"line":5,"column":23}}},"fnMap":{"0":{"name":"cloneArr","decl":{"start":{"line":1,"column":9},"end":{"line":1,"column":17}},"loc":{"start":{"line":1,"column":23},"end":{"line":3,"column":1}},"line":1}},"branchMap":{},"s":{"0":1,"1":1},"f":{"0":1},"b":{},"_coverageSchema":"1a1c01bbd47fc00a2c39e90264f33305004495a9","hash":"6e28f0a0cac61a6ff445d9babdf20e8a8e88a5a4"}
,"E:\\Projects\\frontend-lib-usage\\jest\\sum.js": {"path":"E:\\Projects\\frontend-lib-usage\\jest\\sum.js","statementMap":{"0":{"start":{"line":2,"column":2},"end":{"line":2,"column":12}},"1":{"start":{"line":4,"column":0},"end":{"line":4,"column":18}}},"fnMap":{"0":{"name":"sum","decl":{"start":{"line":1,"column":9},"end":{"line":1,"column":12}},"loc":{"start":{"line":1,"column":19},"end":{"line":3,"column":1}},"line":1}},"branchMap":{},"s":{"0":2,"1":1},"f":{"0":2},"b":{},"_coverageSchema":"1a1c01bbd47fc00a2c39e90264f33305004495a9","hash":"8d0aaf729a02124c80e8db36da4d9cf99251be2a"}
}
